<?xml version="1.0" encoding="UTF-8"?>
<testsuite name="specs.Cookbook.CreateRecipeSpec" tests="6" skipped="0" failures="0" errors="0" timestamp="2017-09-13T22:58:53" hostname="CrisemyMacAir.local" time="45.149">
  <properties/>
  <testcase name="01 open Cookbook page" classname="specs.Cookbook.CreateRecipeSpec" time="17.574"/>
  <testcase name="02 open Create Recipe page" classname="specs.Cookbook.CreateRecipeSpec" time="9.25"/>
  <testcase name="03 add a recipe Name" classname="specs.Cookbook.CreateRecipeSpec" time="1.895"/>
  <testcase name="04 context selector options" classname="specs.Cookbook.CreateRecipeSpec" time="0.779"/>
  <testcase name="05 select an event context" classname="specs.Cookbook.CreateRecipeSpec" time="1.228"/>
  <testcase name="06 save recipe" classname="specs.Cookbook.CreateRecipeSpec" time="14.423"/>
  <system-out><![CDATA[browser.location: Using local chrome browser.
geb.build.baseUrl: Testing qa environment https://tmqa.tdsops.com
setupSpec(): Login as user: e2e_test_user
]]></system-out>
  <system-err><![CDATA[Starting ChromeDriver 2.32.498537 (cb2f855cbc7b82e20387eaf9a43f6b99b6105061) on port 18862
Only local connections are allowed.
Sep 13, 2017 7:58:37 PM org.openqa.selenium.remote.ProtocolHandshake createSession
INFO: Detected dialect: OSS
]]></system-err>
</testsuite>
