<?xml version="1.0" encoding="UTF-8"?>
<testsuite name="specs.Cookbook.CreateDeleteRecipeSpec" tests="7" skipped="0" failures="0" errors="0" timestamp="2017-09-13T22:03:15" hostname="CrisemyMacAir.local" time="55.79">
  <properties/>
  <testcase name="01 open Cookbook page" classname="specs.Cookbook.CreateDeleteRecipeSpec" time="15.775"/>
  <testcase name="02 open Create Recipe page" classname="specs.Cookbook.CreateDeleteRecipeSpec" time="9.427"/>
  <testcase name="03 add a recipe Name" classname="specs.Cookbook.CreateDeleteRecipeSpec" time="1.315"/>
  <testcase name="04 context selector options" classname="specs.Cookbook.CreateDeleteRecipeSpec" time="1.262"/>
  <testcase name="05 select an event context" classname="specs.Cookbook.CreateDeleteRecipeSpec" time="1.255"/>
  <testcase name="06 save recipe" classname="specs.Cookbook.CreateDeleteRecipeSpec" time="12.363"/>
  <testcase name="07 delete recipe" classname="specs.Cookbook.CreateDeleteRecipeSpec" time="14.393"/>
  <system-out><![CDATA[browser.location: Using local chrome browser.
geb.build.baseUrl: Testing qa environment https://tmqa.tdsops.com
setupSpec(): Login as user: e2e_test_user
cleanup(): TM-7179 01 open Cookbook page 
cleanup(): TM-7180 02 open Create Recipe page 
cleanup(): TM-7181 03 add a recipe Name 
cleanup(): TM-7182 04 context selector options 
cleanup(): TM-7183 05 select an event context 
cleanup(): TM-7184 06 save recipe 
07 delete recipe: Geb Recipes count = 8
07 delete recipe: Deleting top most recipe.
07 delete recipe: Geb Recipes count = 7
cleanup(): TM-7243 07 delete recipe 
]]></system-out>
  <system-err><![CDATA[Starting ChromeDriver 2.32.498537 (cb2f855cbc7b82e20387eaf9a43f6b99b6105061) on port 7241
Only local connections are allowed.
Sep 13, 2017 7:03:01 PM org.openqa.selenium.remote.ProtocolHandshake createSession
INFO: Detected dialect: OSS
]]></system-err>
</testsuite>
